INFO: localdir at /scratch/1197821.atudisco
INFO: your job will run on local system.
Could not find conda environment: gnn_py10y
You can list all discoverable environments with `conda info --envs`.

# conda environments:
#
base                  *  /home/atudisco/miniconda3
gnn                      /home/atudisco/miniconda3/envs/gnn
gnn_py10                 /home/atudisco/miniconda3/envs/gnn_py10

# conda environments:
#
base                  *  /home/atudisco/miniconda3
gnn                      /home/atudisco/miniconda3/envs/gnn
gnn_py10                 /home/atudisco/miniconda3/envs/gnn_py10

# packages in environment at /home/atudisco/miniconda3:
#
# Name                    Version                   Build  Channel
scikit-learn              1.6.1                    pypi_0    pypi
Running on host: compute-3-26
CUDA Devices: 1,3
Python version: Python 3.9.5
Conda environment: /home/atudisco/miniconda3/bin/python
Installed Python packages:
torch                    2.6.0+cu118
torch-geometric          2.6.1
torchaudio               2.6.0+cu118
torchvision              0.21.0+cu118
scikit-learn             1.6.1
/home/atudisco/miniconda3/lib/python3.9/site-packages/torch_geometric/data/storage.py:452: UserWarning: Unable to accurately infer 'num_nodes' from the attribute set '{'edge_index', 'y', 'X'}'. Please explicitly set 'num_nodes' as an attribute of 'data' to suppress this warning
  warnings.warn(
slurmstepd: error: *** JOB 1197821 ON compute-3-26 CANCELLED AT 2025-05-19T07:09:25 DUE TO TIME LIMIT ***
