INFO: localdir at /scratch/1198295.atudisco
INFO: your job will run on local system.
Could not find conda environment: gnn_py10y
You can list all discoverable environments with `conda info --envs`.

# conda environments:
#
base                  *  /home/atudisco/miniconda3
gnn                      /home/atudisco/miniconda3/envs/gnn
gnn_py10                 /home/atudisco/miniconda3/envs/gnn_py10

# conda environments:
#
base                  *  /home/atudisco/miniconda3
gnn                      /home/atudisco/miniconda3/envs/gnn
gnn_py10                 /home/atudisco/miniconda3/envs/gnn_py10

# packages in environment at /home/atudisco/miniconda3:
#
# Name                    Version                   Build  Channel
scikit-learn              1.6.1                    pypi_0    pypi
Running on host: compute-3-25
CUDA Devices: 0,1
Python version: Python 3.9.5
Conda environment: /home/atudisco/miniconda3/bin/python
Installed Python packages:
torch                    2.6.0+cu118
torch-geometric          2.6.1
torchaudio               2.6.0+cu118
torchvision              0.21.0+cu118
scikit-learn             1.6.1
hd=32 heads=4 units=(32, 32, 32) → 0.0165
hd=32 heads=4 units=(32, 32, 16) → 0.0162
hd=32 heads=4 units=(32, 16, 16) → 0.0167
hd=32 heads=4 units=(64, 64, 64) → 0.0147
hd=32 heads=4 units=(64, 64, 32) → 0.0152
hd=32 heads=4 units=(64, 64, 16) → 0.0155
hd=32 heads=4 units=(64, 32, 32) → 0.0157
hd=32 heads=4 units=(64, 32, 16) → 0.0164
hd=32 heads=4 units=(64, 16, 16) → 0.0161
hd=32 heads=4 units=(128, 128, 128) → 0.0139
hd=32 heads=4 units=(128, 128, 64) → 0.0149
hd=32 heads=4 units=(128, 128, 32) → 0.0152
hd=32 heads=4 units=(128, 128, 16) → 0.0149
hd=32 heads=4 units=(128, 64, 64) → 0.0156
hd=32 heads=4 units=(128, 64, 32) → 0.0152
hd=32 heads=4 units=(128, 64, 16) → 0.0152
hd=32 heads=4 units=(128, 32, 32) → 0.0160
hd=32 heads=4 units=(128, 32, 16) → 0.0154
hd=32 heads=4 units=(128, 16, 16) → 0.0164
hd=32 heads=4 units=(256, 256, 256) → 0.0142
hd=32 heads=4 units=(256, 256, 128) → 0.0132
hd=32 heads=4 units=(256, 256, 64) → 0.0138
hd=32 heads=4 units=(256, 256, 32) → 0.0135
hd=32 heads=4 units=(256, 256, 16) → 0.0143
hd=32 heads=4 units=(256, 128, 128) → 0.0140
hd=32 heads=4 units=(256, 128, 64) → 0.0140
hd=32 heads=4 units=(256, 128, 32) → 0.0147
hd=32 heads=4 units=(256, 128, 16) → 0.0150
hd=32 heads=4 units=(256, 64, 64) → 0.0155
hd=32 heads=4 units=(256, 64, 32) → 0.0145
hd=32 heads=4 units=(256, 64, 16) → 0.0151
hd=32 heads=4 units=(256, 32, 32) → 0.0150
hd=32 heads=4 units=(256, 32, 16) → 0.0149
hd=32 heads=4 units=(256, 16, 16) → 0.0155
hd=32 heads=4 units=(512, 512, 512) → 0.0113
hd=32 heads=4 units=(512, 512, 256) → 0.0130
hd=32 heads=4 units=(512, 512, 128) → 0.0134
hd=32 heads=4 units=(512, 512, 64) → 0.0134
hd=32 heads=4 units=(512, 512, 32) → 0.0138
hd=32 heads=4 units=(512, 512, 16) → 0.0139
hd=32 heads=4 units=(512, 256, 256) → 0.0140
hd=32 heads=4 units=(512, 256, 128) → 0.0135
hd=32 heads=4 units=(512, 256, 64) → 0.0132
hd=32 heads=4 units=(512, 256, 32) → 0.0130
hd=32 heads=4 units=(512, 256, 16) → 0.0142
hd=32 heads=4 units=(512, 128, 128) → 0.0138
hd=32 heads=4 units=(512, 128, 64) → 0.0141
hd=32 heads=4 units=(512, 128, 32) → 0.0139
hd=32 heads=4 units=(512, 128, 16) → 0.0142
hd=32 heads=4 units=(512, 64, 64) → 0.0141
hd=32 heads=4 units=(512, 64, 32) → 0.0147
hd=32 heads=4 units=(512, 64, 16) → 0.0156
hd=32 heads=4 units=(512, 32, 32) → 0.0146
hd=32 heads=4 units=(512, 32, 16) → 0.0144
hd=32 heads=4 units=(512, 16, 16) → 0.0152
hd=32 heads=4 units=(1024, 1024, 1024) → 0.0123
hd=32 heads=4 units=(1024, 1024, 512) → 0.0119
hd=32 heads=4 units=(1024, 1024, 256) → 0.0130
hd=32 heads=4 units=(1024, 1024, 128) → 0.0133
hd=32 heads=4 units=(1024, 1024, 64) → 0.0134
hd=32 heads=4 units=(1024, 1024, 32) → 0.0139
hd=32 heads=4 units=(1024, 1024, 16) → 0.0128
hd=32 heads=4 units=(1024, 512, 512) → 0.0118
hd=32 heads=4 units=(1024, 512, 256) → 0.0130
hd=32 heads=4 units=(1024, 512, 128) → 0.0130
hd=32 heads=4 units=(1024, 512, 64) → 0.0127
hd=32 heads=4 units=(1024, 512, 32) → 0.0139
hd=32 heads=4 units=(1024, 512, 16) → 0.0133
hd=32 heads=4 units=(1024, 256, 256) → 0.0124
hd=32 heads=4 units=(1024, 256, 128) → 0.0135
hd=32 heads=4 units=(1024, 256, 64) → 0.0138
hd=32 heads=4 units=(1024, 256, 32) → 0.0128
hd=32 heads=4 units=(1024, 256, 16) → 0.0140
hd=32 heads=4 units=(1024, 128, 128) → 0.0134
hd=32 heads=4 units=(1024, 128, 64) → 0.0147
hd=32 heads=4 units=(1024, 128, 32) → 0.0134
hd=32 heads=4 units=(1024, 128, 16) → 0.0135
hd=32 heads=4 units=(1024, 64, 64) → 0.0149
hd=32 heads=4 units=(1024, 64, 32) → 0.0138
hd=32 heads=4 units=(1024, 64, 16) → 0.0143
hd=32 heads=4 units=(1024, 32, 32) → 0.0149
hd=32 heads=4 units=(1024, 32, 16) → 0.0146
hd=32 heads=4 units=(1024, 16, 16) → 0.0143
hd=32 heads=8 units=(32, 32, 32) → 0.0151
hd=32 heads=8 units=(32, 32, 16) → 0.0163
hd=32 heads=8 units=(32, 16, 16) → 0.0157
hd=32 heads=8 units=(64, 64, 64) → 0.0146
hd=32 heads=8 units=(64, 64, 32) → 0.0154
hd=32 heads=8 units=(64, 64, 16) → 0.0155
hd=32 heads=8 units=(64, 32, 32) → 0.0160
hd=32 heads=8 units=(64, 32, 16) → 0.0163
hd=32 heads=8 units=(64, 16, 16) → 0.0162
hd=32 heads=8 units=(128, 128, 128) → 0.0139
hd=32 heads=8 units=(128, 128, 64) → 0.0142
hd=32 heads=8 units=(128, 128, 32) → 0.0140
hd=32 heads=8 units=(128, 128, 16) → 0.0146
hd=32 heads=8 units=(128, 64, 64) → 0.0141
hd=32 heads=8 units=(128, 64, 32) → 0.0147
hd=32 heads=8 units=(128, 64, 16) → 0.0145
hd=32 heads=8 units=(128, 32, 32) → 0.0152
hd=32 heads=8 units=(128, 32, 16) → 0.0150
hd=32 heads=8 units=(128, 16, 16) → 0.0158
hd=32 heads=8 units=(256, 256, 256) → 0.0131
hd=32 heads=8 units=(256, 256, 128) → 0.0125
hd=32 heads=8 units=(256, 256, 64) → 0.0133
hd=32 heads=8 units=(256, 256, 32) → 0.0143
hd=32 heads=8 units=(256, 256, 16) → 0.0135
hd=32 heads=8 units=(256, 128, 128) → 0.0134
hd=32 heads=8 units=(256, 128, 64) → 0.0136
hd=32 heads=8 units=(256, 128, 32) → 0.0145
hd=32 heads=8 units=(256, 128, 16) → 0.0141
hd=32 heads=8 units=(256, 64, 64) → 0.0141
hd=32 heads=8 units=(256, 64, 32) → 0.0148
hd=32 heads=8 units=(256, 64, 16) → 0.0139
hd=32 heads=8 units=(256, 32, 32) → 0.0149
hd=32 heads=8 units=(256, 32, 16) → 0.0148
hd=32 heads=8 units=(256, 16, 16) → 0.0150
hd=32 heads=8 units=(512, 512, 512) → 0.0118
hd=32 heads=8 units=(512, 512, 256) → 0.0118
hd=32 heads=8 units=(512, 512, 128) → 0.0129
hd=32 heads=8 units=(512, 512, 64) → 0.0126
hd=32 heads=8 units=(512, 512, 32) → 0.0130
hd=32 heads=8 units=(512, 512, 16) → 0.0143
hd=32 heads=8 units=(512, 256, 256) → 0.0121
hd=32 heads=8 units=(512, 256, 128) → 0.0127
hd=32 heads=8 units=(512, 256, 64) → 0.0128
hd=32 heads=8 units=(512, 256, 32) → 0.0139
hd=32 heads=8 units=(512, 256, 16) → 0.0131
hd=32 heads=8 units=(512, 128, 128) → 0.0139
hd=32 heads=8 units=(512, 128, 64) → 0.0135
hd=32 heads=8 units=(512, 128, 32) → 0.0135
hd=32 heads=8 units=(512, 128, 16) → 0.0141
hd=32 heads=8 units=(512, 64, 64) → 0.0135
hd=32 heads=8 units=(512, 64, 32) → 0.0144
hd=32 heads=8 units=(512, 64, 16) → 0.0147
hd=32 heads=8 units=(512, 32, 32) → 0.0144
hd=32 heads=8 units=(512, 32, 16) → 0.0146
hd=32 heads=8 units=(512, 16, 16) → 0.0145
hd=32 heads=8 units=(1024, 1024, 1024) → 0.0117
hd=32 heads=8 units=(1024, 1024, 512) → 0.0132
hd=32 heads=8 units=(1024, 1024, 256) → 0.0112
hd=32 heads=8 units=(1024, 1024, 128) → 0.0119
hd=32 heads=8 units=(1024, 1024, 64) → 0.0123
hd=32 heads=8 units=(1024, 1024, 32) → 0.0127
hd=32 heads=8 units=(1024, 1024, 16) → 0.0124
hd=32 heads=8 units=(1024, 512, 512) → 0.0113
hd=32 heads=8 units=(1024, 512, 256) → 0.0123
hd=32 heads=8 units=(1024, 512, 128) → 0.0123
hd=32 heads=8 units=(1024, 512, 64) → 0.0125
hd=32 heads=8 units=(1024, 512, 32) → 0.0135
hd=32 heads=8 units=(1024, 512, 16) → 0.0127
hd=32 heads=8 units=(1024, 256, 256) → 0.0119
hd=32 heads=8 units=(1024, 256, 128) → 0.0129
hd=32 heads=8 units=(1024, 256, 64) → 0.0130
hd=32 heads=8 units=(1024, 256, 32) → 0.0126
hd=32 heads=8 units=(1024, 256, 16) → 0.0129
hd=32 heads=8 units=(1024, 128, 128) → 0.0122
hd=32 heads=8 units=(1024, 128, 64) → 0.0139
hd=32 heads=8 units=(1024, 128, 32) → 0.0134
hd=32 heads=8 units=(1024, 128, 16) → 0.0134
hd=32 heads=8 units=(1024, 64, 64) → 0.0139
hd=32 heads=8 units=(1024, 64, 32) → 0.0139
hd=32 heads=8 units=(1024, 64, 16) → 0.0143
hd=32 heads=8 units=(1024, 32, 32) → 0.0140
hd=32 heads=8 units=(1024, 32, 16) → 0.0137
hd=32 heads=8 units=(1024, 16, 16) → 0.0142
hd=64 heads=4 units=(32, 32, 32) → 0.0155
hd=64 heads=4 units=(32, 32, 16) → 0.0161
hd=64 heads=4 units=(32, 16, 16) → 0.0164
hd=64 heads=4 units=(64, 64, 64) → 0.0146
hd=64 heads=4 units=(64, 64, 32) → 0.0148
hd=64 heads=4 units=(64, 64, 16) → 0.0154
hd=64 heads=4 units=(64, 32, 32) → 0.0155
hd=64 heads=4 units=(64, 32, 16) → 0.0156
hd=64 heads=4 units=(64, 16, 16) → 0.0163
hd=64 heads=4 units=(128, 128, 128) → 0.0134
hd=64 heads=4 units=(128, 128, 64) → 0.0139
hd=64 heads=4 units=(128, 128, 32) → 0.0141
hd=64 heads=4 units=(128, 128, 16) → 0.0144
hd=64 heads=4 units=(128, 64, 64) → 0.0140
hd=64 heads=4 units=(128, 64, 32) → 0.0151
hd=64 heads=4 units=(128, 64, 16) → 0.0148
hd=64 heads=4 units=(128, 32, 32) → 0.0154
hd=64 heads=4 units=(128, 32, 16) → 0.0153
hd=64 heads=4 units=(128, 16, 16) → 0.0152
hd=64 heads=4 units=(256, 256, 256) → 0.0130
hd=64 heads=4 units=(256, 256, 128) → 0.0131
hd=64 heads=4 units=(256, 256, 64) → 0.0129
hd=64 heads=4 units=(256, 256, 32) → 0.0130
hd=64 heads=4 units=(256, 256, 16) → 0.0140
hd=64 heads=4 units=(256, 128, 128) → 0.0133
hd=64 heads=4 units=(256, 128, 64) → 0.0140
hd=64 heads=4 units=(256, 128, 32) → 0.0135
hd=64 heads=4 units=(256, 128, 16) → 0.0138
hd=64 heads=4 units=(256, 64, 64) → 0.0137
hd=64 heads=4 units=(256, 64, 32) → 0.0144
hd=64 heads=4 units=(256, 64, 16) → 0.0145
hd=64 heads=4 units=(256, 32, 32) → 0.0147
hd=64 heads=4 units=(256, 32, 16) → 0.0148
hd=64 heads=4 units=(256, 16, 16) → 0.0151
hd=64 heads=4 units=(512, 512, 512) → 0.0128
hd=64 heads=4 units=(512, 512, 256) → 0.0116
hd=64 heads=4 units=(512, 512, 128) → 0.0122
hd=64 heads=4 units=(512, 512, 64) → 0.0119
hd=64 heads=4 units=(512, 512, 32) → 0.0126
hd=64 heads=4 units=(512, 512, 16) → 0.0124
hd=64 heads=4 units=(512, 256, 256) → 0.0125
hd=64 heads=4 units=(512, 256, 128) → 0.0130
hd=64 heads=4 units=(512, 256, 64) → 0.0131
hd=64 heads=4 units=(512, 256, 32) → 0.0132
hd=64 heads=4 units=(512, 256, 16) → 0.0135
hd=64 heads=4 units=(512, 128, 128) → 0.0133
hd=64 heads=4 units=(512, 128, 64) → 0.0138
hd=64 heads=4 units=(512, 128, 32) → 0.0130
hd=64 heads=4 units=(512, 128, 16) → 0.0146
hd=64 heads=4 units=(512, 64, 64) → 0.0140
hd=64 heads=4 units=(512, 64, 32) → 0.0147
hd=64 heads=4 units=(512, 64, 16) → 0.0139
hd=64 heads=4 units=(512, 32, 32) → 0.0142
hd=64 heads=4 units=(512, 32, 16) → 0.0145
hd=64 heads=4 units=(512, 16, 16) → 0.0146
hd=64 heads=4 units=(1024, 1024, 1024) → 0.0113
hd=64 heads=4 units=(1024, 1024, 512) → 0.0118
hd=64 heads=4 units=(1024, 1024, 256) → 0.0124
hd=64 heads=4 units=(1024, 1024, 128) → 0.0115
hd=64 heads=4 units=(1024, 1024, 64) → 0.0124
hd=64 heads=4 units=(1024, 1024, 32) → 0.0117
hd=64 heads=4 units=(1024, 1024, 16) → 0.0125
hd=64 heads=4 units=(1024, 512, 512) → 0.0114
hd=64 heads=4 units=(1024, 512, 256) → 0.0123
hd=64 heads=4 units=(1024, 512, 128) → 0.0123
hd=64 heads=4 units=(1024, 512, 64) → 0.0115
hd=64 heads=4 units=(1024, 512, 32) → 0.0128
hd=64 heads=4 units=(1024, 512, 16) → 0.0128
hd=64 heads=4 units=(1024, 256, 256) → 0.0121
hd=64 heads=4 units=(1024, 256, 128) → 0.0119
hd=64 heads=4 units=(1024, 256, 64) → 0.0127
hd=64 heads=4 units=(1024, 256, 32) → 0.0134
hd=64 heads=4 units=(1024, 256, 16) → 0.0126
hd=64 heads=4 units=(1024, 128, 128) → 0.0124
hd=64 heads=4 units=(1024, 128, 64) → 0.0139
hd=64 heads=4 units=(1024, 128, 32) → 0.0133
hd=64 heads=4 units=(1024, 128, 16) → 0.0132
hd=64 heads=4 units=(1024, 64, 64) → 0.0132
hd=64 heads=4 units=(1024, 64, 32) → 0.0135
hd=64 heads=4 units=(1024, 64, 16) → 0.0139
hd=64 heads=4 units=(1024, 32, 32) → 0.0142
hd=64 heads=4 units=(1024, 32, 16) → 0.0147
hd=64 heads=4 units=(1024, 16, 16) → 0.0149
hd=64 heads=8 units=(32, 32, 32) → 0.0161
hd=64 heads=8 units=(32, 32, 16) → 0.0160
hd=64 heads=8 units=(32, 16, 16) → 0.0155
hd=64 heads=8 units=(64, 64, 64) → 0.0136
hd=64 heads=8 units=(64, 64, 32) → 0.0145
hd=64 heads=8 units=(64, 64, 16) → 0.0150
hd=64 heads=8 units=(64, 32, 32) → 0.0152
hd=64 heads=8 units=(64, 32, 16) → 0.0147
hd=64 heads=8 units=(64, 16, 16) → 0.0151
hd=64 heads=8 units=(128, 128, 128) → 0.0136
hd=64 heads=8 units=(128, 128, 64) → 0.0133
hd=64 heads=8 units=(128, 128, 32) → 0.0150
hd=64 heads=8 units=(128, 128, 16) → 0.0144
hd=64 heads=8 units=(128, 64, 64) → 0.0140
hd=64 heads=8 units=(128, 64, 32) → 0.0147
hd=64 heads=8 units=(128, 64, 16) → 0.0146
hd=64 heads=8 units=(128, 32, 32) → 0.0146
hd=64 heads=8 units=(128, 32, 16) → 0.0146
hd=64 heads=8 units=(128, 16, 16) → 0.0150
hd=64 heads=8 units=(256, 256, 256) → 0.0112
hd=64 heads=8 units=(256, 256, 128) → 0.0118
hd=64 heads=8 units=(256, 256, 64) → 0.0130
hd=64 heads=8 units=(256, 256, 32) → 0.0133
hd=64 heads=8 units=(256, 256, 16) → 0.0134
hd=64 heads=8 units=(256, 128, 128) → 0.0130
hd=64 heads=8 units=(256, 128, 64) → 0.0134
hd=64 heads=8 units=(256, 128, 32) → 0.0134
hd=64 heads=8 units=(256, 128, 16) → 0.0139
hd=64 heads=8 units=(256, 64, 64) → 0.0133
hd=64 heads=8 units=(256, 64, 32) → 0.0142
hd=64 heads=8 units=(256, 64, 16) → 0.0149
hd=64 heads=8 units=(256, 32, 32) → 0.0144
hd=64 heads=8 units=(256, 32, 16) → 0.0146
hd=64 heads=8 units=(256, 16, 16) → 0.0151
hd=64 heads=8 units=(512, 512, 512) → 0.0106
hd=64 heads=8 units=(512, 512, 256) → 0.0106
hd=64 heads=8 units=(512, 512, 128) → 0.0126
hd=64 heads=8 units=(512, 512, 64) → 0.0118
hd=64 heads=8 units=(512, 512, 32) → 0.0127
hd=64 heads=8 units=(512, 512, 16) → 0.0129
hd=64 heads=8 units=(512, 256, 256) → 0.0113
hd=64 heads=8 units=(512, 256, 128) → 0.0121
hd=64 heads=8 units=(512, 256, 64) → 0.0122
hd=64 heads=8 units=(512, 256, 32) → 0.0126
hd=64 heads=8 units=(512, 256, 16) → 0.0137
hd=64 heads=8 units=(512, 128, 128) → 0.0128
hd=64 heads=8 units=(512, 128, 64) → 0.0126
hd=64 heads=8 units=(512, 128, 32) → 0.0135
hd=64 heads=8 units=(512, 128, 16) → 0.0135
hd=64 heads=8 units=(512, 64, 64) → 0.0139
hd=64 heads=8 units=(512, 64, 32) → 0.0142
hd=64 heads=8 units=(512, 64, 16) → 0.0138
hd=64 heads=8 units=(512, 32, 32) → 0.0147
hd=64 heads=8 units=(512, 32, 16) → 0.0142
hd=64 heads=8 units=(512, 16, 16) → 0.0143
hd=64 heads=8 units=(1024, 1024, 1024) → 0.0106
hd=64 heads=8 units=(1024, 1024, 512) → 0.0104
hd=64 heads=8 units=(1024, 1024, 256) → 0.0118
hd=64 heads=8 units=(1024, 1024, 128) → 0.0111
hd=64 heads=8 units=(1024, 1024, 64) → 0.0113
hd=64 heads=8 units=(1024, 1024, 32) → 0.0126
hd=64 heads=8 units=(1024, 1024, 16) → 0.0116
hd=64 heads=8 units=(1024, 512, 512) → 0.0105
hd=64 heads=8 units=(1024, 512, 256) → 0.0109
hd=64 heads=8 units=(1024, 512, 128) → 0.0117
hd=64 heads=8 units=(1024, 512, 64) → 0.0119
hd=64 heads=8 units=(1024, 512, 32) → 0.0116
hd=64 heads=8 units=(1024, 512, 16) → 0.0120
hd=64 heads=8 units=(1024, 256, 256) → 0.0114
hd=64 heads=8 units=(1024, 256, 128) → 0.0120
hd=64 heads=8 units=(1024, 256, 64) → 0.0127
hd=64 heads=8 units=(1024, 256, 32) → 0.0125
hd=64 heads=8 units=(1024, 256, 16) → 0.0128
hd=64 heads=8 units=(1024, 128, 128) → 0.0118
hd=64 heads=8 units=(1024, 128, 64) → 0.0126
hd=64 heads=8 units=(1024, 128, 32) → 0.0135
hd=64 heads=8 units=(1024, 128, 16) → 0.0129
hd=64 heads=8 units=(1024, 64, 64) → 0.0127
hd=64 heads=8 units=(1024, 64, 32) → 0.0141
hd=64 heads=8 units=(1024, 64, 16) → 0.0138
hd=64 heads=8 units=(1024, 32, 32) → 0.0140
hd=64 heads=8 units=(1024, 32, 16) → 0.0141
hd=64 heads=8 units=(1024, 16, 16) → 0.0144
