hd=32 heads=4 units=(32, 32, 32) → 0.0127
hd=32 heads=4 units=(32, 32, 16) → 0.0134
hd=32 heads=4 units=(32, 16, 16) → 0.0137
hd=32 heads=4 units=(64, 64, 64) → 0.0117
hd=32 heads=4 units=(64, 64, 32) → 0.0125
hd=32 heads=4 units=(64, 64, 16) → 0.0129
hd=32 heads=4 units=(64, 32, 32) → 0.0130
hd=32 heads=4 units=(64, 32, 16) → 0.0128
hd=32 heads=4 units=(64, 16, 16) → 0.0133
hd=32 heads=4 units=(128, 128, 128) → 0.0107
hd=32 heads=4 units=(128, 128, 64) → 0.0116
hd=32 heads=4 units=(128, 128, 32) → 0.0114
hd=32 heads=4 units=(128, 128, 16) → 0.0118
hd=32 heads=4 units=(128, 64, 64) → 0.0115
hd=32 heads=4 units=(128, 64, 32) → 0.0120
hd=32 heads=4 units=(128, 64, 16) → 0.0127
hd=32 heads=4 units=(128, 32, 32) → 0.0128
hd=32 heads=4 units=(128, 32, 16) → 0.0125
hd=32 heads=4 units=(128, 16, 16) → 0.0128
hd=32 heads=4 units=(256, 256, 256) → 0.0104
hd=32 heads=4 units=(256, 256, 128) → 0.0102
hd=32 heads=4 units=(256, 256, 64) → 0.0106
hd=32 heads=4 units=(256, 256, 32) → 0.0109
hd=32 heads=4 units=(256, 256, 16) → 0.0115
hd=32 heads=4 units=(256, 128, 128) → 0.0109
hd=32 heads=4 units=(256, 128, 64) → 0.0110
hd=32 heads=4 units=(256, 128, 32) → 0.0115
hd=32 heads=4 units=(256, 128, 16) → 0.0122
hd=32 heads=4 units=(256, 64, 64) → 0.0113
hd=32 heads=4 units=(256, 64, 32) → 0.0116
hd=32 heads=4 units=(256, 64, 16) → 0.0124
hd=32 heads=4 units=(256, 32, 32) → 0.0134
hd=32 heads=4 units=(256, 32, 16) → 0.0123
hd=32 heads=4 units=(256, 16, 16) → 0.0132
hd=32 heads=4 units=(512, 512, 512) → 0.0098
hd=32 heads=4 units=(512, 512, 256) → 0.0100
hd=32 heads=4 units=(512, 512, 128) → 0.0101
hd=32 heads=4 units=(512, 512, 64) → 0.0117
hd=32 heads=4 units=(512, 512, 32) → 0.0110
hd=32 heads=4 units=(512, 512, 16) → 0.0110
hd=32 heads=4 units=(512, 256, 256) → 0.0112
hd=32 heads=4 units=(512, 256, 128) → 0.0114
hd=32 heads=4 units=(512, 256, 64) → 0.0107
hd=32 heads=4 units=(512, 256, 32) → 0.0110
hd=32 heads=4 units=(512, 256, 16) → 0.0116
hd=32 heads=4 units=(512, 128, 128) → 0.0107
hd=32 heads=4 units=(512, 128, 64) → 0.0113
hd=32 heads=4 units=(512, 128, 32) → 0.0110
hd=32 heads=4 units=(512, 128, 16) → 0.0113
hd=32 heads=4 units=(512, 64, 64) → 0.0114
hd=32 heads=4 units=(512, 64, 32) → 0.0117
hd=32 heads=4 units=(512, 64, 16) → 0.0120
hd=32 heads=4 units=(512, 32, 32) → 0.0120
hd=32 heads=4 units=(512, 32, 16) → 0.0125
hd=32 heads=4 units=(512, 16, 16) → 0.0135
hd=32 heads=4 units=(1024, 1024, 1024) → 0.0095
hd=32 heads=4 units=(1024, 1024, 512) → 0.0096
hd=32 heads=4 units=(1024, 1024, 256) → 0.0100
hd=32 heads=4 units=(1024, 1024, 128) → 0.0111
hd=32 heads=4 units=(1024, 1024, 64) → 0.0102
hd=32 heads=4 units=(1024, 1024, 32) → 0.0107
hd=32 heads=4 units=(1024, 1024, 16) → 0.0114
hd=32 heads=4 units=(1024, 512, 512) → 0.0101
hd=32 heads=4 units=(1024, 512, 256) → 0.0103
hd=32 heads=4 units=(1024, 512, 128) → 0.0115
hd=32 heads=4 units=(1024, 512, 64) → 0.0098
hd=32 heads=4 units=(1024, 512, 32) → 0.0109
hd=32 heads=4 units=(1024, 512, 16) → 0.0110
hd=32 heads=4 units=(1024, 256, 256) → 0.0104
hd=32 heads=4 units=(1024, 256, 128) → 0.0101
hd=32 heads=4 units=(1024, 256, 64) → 0.0112
hd=32 heads=4 units=(1024, 256, 32) → 0.0106
hd=32 heads=4 units=(1024, 256, 16) → 0.0105
hd=32 heads=4 units=(1024, 128, 128) → 0.0107
hd=32 heads=4 units=(1024, 128, 64) → 0.0110
hd=32 heads=4 units=(1024, 128, 32) → 0.0112
hd=32 heads=4 units=(1024, 128, 16) → 0.0114
hd=32 heads=4 units=(1024, 64, 64) → 0.0110
hd=32 heads=4 units=(1024, 64, 32) → 0.0113
hd=32 heads=4 units=(1024, 64, 16) → 0.0114
hd=32 heads=4 units=(1024, 32, 32) → 0.0117
hd=32 heads=4 units=(1024, 32, 16) → 0.0121
hd=32 heads=4 units=(1024, 16, 16) → 0.0125
hd=32 heads=8 units=(32, 32, 32) → 0.0127
hd=32 heads=8 units=(32, 32, 16) → 0.0132
hd=32 heads=8 units=(32, 16, 16) → 0.0128
hd=32 heads=8 units=(64, 64, 64) → 0.0115
hd=32 heads=8 units=(64, 64, 32) → 0.0128
hd=32 heads=8 units=(64, 64, 16) → 0.0127
hd=32 heads=8 units=(64, 32, 32) → 0.0129
hd=32 heads=8 units=(64, 32, 16) → 0.0126
hd=32 heads=8 units=(64, 16, 16) → 0.0131
hd=32 heads=8 units=(128, 128, 128) → 0.0103
hd=32 heads=8 units=(128, 128, 64) → 0.0110
hd=32 heads=8 units=(128, 128, 32) → 0.0112
hd=32 heads=8 units=(128, 128, 16) → 0.0113
hd=32 heads=8 units=(128, 64, 64) → 0.0109
hd=32 heads=8 units=(128, 64, 32) → 0.0125
hd=32 heads=8 units=(128, 64, 16) → 0.0125
hd=32 heads=8 units=(128, 32, 32) → 0.0121
hd=32 heads=8 units=(128, 32, 16) → 0.0121
hd=32 heads=8 units=(128, 16, 16) → 0.0128
hd=32 heads=8 units=(256, 256, 256) → 0.0099
hd=32 heads=8 units=(256, 256, 128) → 0.0102
hd=32 heads=8 units=(256, 256, 64) → 0.0109
hd=32 heads=8 units=(256, 256, 32) → 0.0105
hd=32 heads=8 units=(256, 256, 16) → 0.0118
hd=32 heads=8 units=(256, 128, 128) → 0.0110
hd=32 heads=8 units=(256, 128, 64) → 0.0109
hd=32 heads=8 units=(256, 128, 32) → 0.0113
hd=32 heads=8 units=(256, 128, 16) → 0.0115
hd=32 heads=8 units=(256, 64, 64) → 0.0113
hd=32 heads=8 units=(256, 64, 32) → 0.0114
hd=32 heads=8 units=(256, 64, 16) → 0.0117
hd=32 heads=8 units=(256, 32, 32) → 0.0117
hd=32 heads=8 units=(256, 32, 16) → 0.0118
hd=32 heads=8 units=(256, 16, 16) → 0.0121
hd=32 heads=8 units=(512, 512, 512) → 0.0095
hd=32 heads=8 units=(512, 512, 256) → 0.0101
hd=32 heads=8 units=(512, 512, 128) → 0.0108
hd=32 heads=8 units=(512, 512, 64) → 0.0099
hd=32 heads=8 units=(512, 512, 32) → 0.0107
hd=32 heads=8 units=(512, 512, 16) → 0.0104
hd=32 heads=8 units=(512, 256, 256) → 0.0098
hd=32 heads=8 units=(512, 256, 128) → 0.0099
hd=32 heads=8 units=(512, 256, 64) → 0.0106
hd=32 heads=8 units=(512, 256, 32) → 0.0102
hd=32 heads=8 units=(512, 256, 16) → 0.0108
hd=32 heads=8 units=(512, 128, 128) → 0.0107
hd=32 heads=8 units=(512, 128, 64) → 0.0112
hd=32 heads=8 units=(512, 128, 32) → 0.0106
hd=32 heads=8 units=(512, 128, 16) → 0.0109
hd=32 heads=8 units=(512, 64, 64) → 0.0116
hd=32 heads=8 units=(512, 64, 32) → 0.0112
hd=32 heads=8 units=(512, 64, 16) → 0.0111
hd=32 heads=8 units=(512, 32, 32) → 0.0116
hd=32 heads=8 units=(512, 32, 16) → 0.0121
hd=32 heads=8 units=(512, 16, 16) → 0.0122
hd=32 heads=8 units=(1024, 1024, 1024) → 0.0091
hd=32 heads=8 units=(1024, 1024, 512) → 0.0094
hd=32 heads=8 units=(1024, 1024, 256) → 0.0092
hd=32 heads=8 units=(1024, 1024, 128) → 0.0093
hd=32 heads=8 units=(1024, 1024, 64) → 0.0097
hd=32 heads=8 units=(1024, 1024, 32) → 0.0106
hd=32 heads=8 units=(1024, 1024, 16) → 0.0099
hd=32 heads=8 units=(1024, 512, 512) → 0.0095
hd=32 heads=8 units=(1024, 512, 256) → 0.0096
hd=32 heads=8 units=(1024, 512, 128) → 0.0098
hd=32 heads=8 units=(1024, 512, 64) → 0.0102
hd=32 heads=8 units=(1024, 512, 32) → 0.0107
hd=32 heads=8 units=(1024, 512, 16) → 0.0100
hd=32 heads=8 units=(1024, 256, 256) → 0.0098
hd=32 heads=8 units=(1024, 256, 128) → 0.0096
hd=32 heads=8 units=(1024, 256, 64) → 0.0098
hd=32 heads=8 units=(1024, 256, 32) → 0.0110
hd=32 heads=8 units=(1024, 256, 16) → 0.0109
hd=32 heads=8 units=(1024, 128, 128) → 0.0104
hd=32 heads=8 units=(1024, 128, 64) → 0.0103
hd=32 heads=8 units=(1024, 128, 32) → 0.0107
hd=32 heads=8 units=(1024, 128, 16) → 0.0114
hd=32 heads=8 units=(1024, 64, 64) → 0.0110
hd=32 heads=8 units=(1024, 64, 32) → 0.0111
hd=32 heads=8 units=(1024, 64, 16) → 0.0109
hd=32 heads=8 units=(1024, 32, 32) → 0.0120
hd=32 heads=8 units=(1024, 32, 16) → 0.0112
hd=32 heads=8 units=(1024, 16, 16) → 0.0114
hd=64 heads=4 units=(32, 32, 32) → 0.0128
hd=64 heads=4 units=(32, 32, 16) → 0.0123
hd=64 heads=4 units=(32, 16, 16) → 0.0130
hd=64 heads=4 units=(64, 64, 64) → 0.0116
hd=64 heads=4 units=(64, 64, 32) → 0.0118
hd=64 heads=4 units=(64, 64, 16) → 0.0131
hd=64 heads=4 units=(64, 32, 32) → 0.0120
hd=64 heads=4 units=(64, 32, 16) → 0.0128
hd=64 heads=4 units=(64, 16, 16) → 0.0132
hd=64 heads=4 units=(128, 128, 128) → 0.0109
hd=64 heads=4 units=(128, 128, 64) → 0.0107
hd=64 heads=4 units=(128, 128, 32) → 0.0111
hd=64 heads=4 units=(128, 128, 16) → 0.0116
hd=64 heads=4 units=(128, 64, 64) → 0.0115
hd=64 heads=4 units=(128, 64, 32) → 0.0117
hd=64 heads=4 units=(128, 64, 16) → 0.0122
hd=64 heads=4 units=(128, 32, 32) → 0.0123
hd=64 heads=4 units=(128, 32, 16) → 0.0132
hd=64 heads=4 units=(128, 16, 16) → 0.0122
hd=64 heads=4 units=(256, 256, 256) → 0.0097
hd=64 heads=4 units=(256, 256, 128) → 0.0102
hd=64 heads=4 units=(256, 256, 64) → 0.0101
hd=64 heads=4 units=(256, 256, 32) → 0.0106
hd=64 heads=4 units=(256, 256, 16) → 0.0107
hd=64 heads=4 units=(256, 128, 128) → 0.0103
hd=64 heads=4 units=(256, 128, 64) → 0.0108
hd=64 heads=4 units=(256, 128, 32) → 0.0110
hd=64 heads=4 units=(256, 128, 16) → 0.0109
hd=64 heads=4 units=(256, 64, 64) → 0.0114
hd=64 heads=4 units=(256, 64, 32) → 0.0111
hd=64 heads=4 units=(256, 64, 16) → 0.0114
hd=64 heads=4 units=(256, 32, 32) → 0.0118
hd=64 heads=4 units=(256, 32, 16) → 0.0118
hd=64 heads=4 units=(256, 16, 16) → 0.0122
hd=64 heads=4 units=(512, 512, 512) → 0.0097
hd=64 heads=4 units=(512, 512, 256) → 0.0098
hd=64 heads=4 units=(512, 512, 128) → 0.0104
hd=64 heads=4 units=(512, 512, 64) → 0.0103
hd=64 heads=4 units=(512, 512, 32) → 0.0104
hd=64 heads=4 units=(512, 512, 16) → 0.0104
hd=64 heads=4 units=(512, 256, 256) → 0.0100
hd=64 heads=4 units=(512, 256, 128) → 0.0099
hd=64 heads=4 units=(512, 256, 64) → 0.0097
hd=64 heads=4 units=(512, 256, 32) → 0.0106
hd=64 heads=4 units=(512, 256, 16) → 0.0113
hd=64 heads=4 units=(512, 128, 128) → 0.0105
hd=64 heads=4 units=(512, 128, 64) → 0.0103
hd=64 heads=4 units=(512, 128, 32) → 0.0103
hd=64 heads=4 units=(512, 128, 16) → 0.0111
hd=64 heads=4 units=(512, 64, 64) → 0.0104
hd=64 heads=4 units=(512, 64, 32) → 0.0115
hd=64 heads=4 units=(512, 64, 16) → 0.0115
hd=64 heads=4 units=(512, 32, 32) → 0.0113
hd=64 heads=4 units=(512, 32, 16) → 0.0113
hd=64 heads=4 units=(512, 16, 16) → 0.0125
hd=64 heads=4 units=(1024, 1024, 1024) → 0.0093
hd=64 heads=4 units=(1024, 1024, 512) → 0.0091
hd=64 heads=4 units=(1024, 1024, 256) → 0.0097
hd=64 heads=4 units=(1024, 1024, 128) → 0.0095
hd=64 heads=4 units=(1024, 1024, 64) → 0.0096
hd=64 heads=4 units=(1024, 1024, 32) → 0.0101
hd=64 heads=4 units=(1024, 1024, 16) → 0.0102
hd=64 heads=4 units=(1024, 512, 512) → 0.0095
hd=64 heads=4 units=(1024, 512, 256) → 0.0099
hd=64 heads=4 units=(1024, 512, 128) → 0.0100
hd=64 heads=4 units=(1024, 512, 64) → 0.0097
hd=64 heads=4 units=(1024, 512, 32) → 0.0108
hd=64 heads=4 units=(1024, 512, 16) → 0.0112
hd=64 heads=4 units=(1024, 256, 256) → 0.0100
hd=64 heads=4 units=(1024, 256, 128) → 0.0102
hd=64 heads=4 units=(1024, 256, 64) → 0.0103
hd=64 heads=4 units=(1024, 256, 32) → 0.0105
hd=64 heads=4 units=(1024, 256, 16) → 0.0113
hd=64 heads=4 units=(1024, 128, 128) → 0.0099
hd=64 heads=4 units=(1024, 128, 64) → 0.0101
hd=64 heads=4 units=(1024, 128, 32) → 0.0107
hd=64 heads=4 units=(1024, 128, 16) → 0.0110
hd=64 heads=4 units=(1024, 64, 64) → 0.0104
hd=64 heads=4 units=(1024, 64, 32) → 0.0111
hd=64 heads=4 units=(1024, 64, 16) → 0.0114
hd=64 heads=4 units=(1024, 32, 32) → 0.0110
hd=64 heads=4 units=(1024, 32, 16) → 0.0114
hd=64 heads=4 units=(1024, 16, 16) → 0.0118
hd=64 heads=8 units=(32, 32, 32) → 0.0117
hd=64 heads=8 units=(32, 32, 16) → 0.0126
hd=64 heads=8 units=(32, 16, 16) → 0.0126
hd=64 heads=8 units=(64, 64, 64) → 0.0110
hd=64 heads=8 units=(64, 64, 32) → 0.0115
hd=64 heads=8 units=(64, 64, 16) → 0.0115
hd=64 heads=8 units=(64, 32, 32) → 0.0116
hd=64 heads=8 units=(64, 32, 16) → 0.0115
hd=64 heads=8 units=(64, 16, 16) → 0.0120
hd=64 heads=8 units=(128, 128, 128) → 0.0099
hd=64 heads=8 units=(128, 128, 64) → 0.0105
hd=64 heads=8 units=(128, 128, 32) → 0.0108
hd=64 heads=8 units=(128, 128, 16) → 0.0108
hd=64 heads=8 units=(128, 64, 64) → 0.0106
hd=64 heads=8 units=(128, 64, 32) → 0.0106
hd=64 heads=8 units=(128, 64, 16) → 0.0116
hd=64 heads=8 units=(128, 32, 32) → 0.0111
hd=64 heads=8 units=(128, 32, 16) → 0.0117
hd=64 heads=8 units=(128, 16, 16) → 0.0128
hd=64 heads=8 units=(256, 256, 256) → 0.0092
hd=64 heads=8 units=(256, 256, 128) → 0.0097
hd=64 heads=8 units=(256, 256, 64) → 0.0097
hd=64 heads=8 units=(256, 256, 32) → 0.0099
hd=64 heads=8 units=(256, 256, 16) → 0.0104
hd=64 heads=8 units=(256, 128, 128) → 0.0097
hd=64 heads=8 units=(256, 128, 64) → 0.0098
hd=64 heads=8 units=(256, 128, 32) → 0.0106
hd=64 heads=8 units=(256, 128, 16) → 0.0105
hd=64 heads=8 units=(256, 64, 64) → 0.0106
hd=64 heads=8 units=(256, 64, 32) → 0.0111
hd=64 heads=8 units=(256, 64, 16) → 0.0110
hd=64 heads=8 units=(256, 32, 32) → 0.0108
hd=64 heads=8 units=(256, 32, 16) → 0.0120
hd=64 heads=8 units=(256, 16, 16) → 0.0120
hd=64 heads=8 units=(512, 512, 512) → 0.0089
hd=64 heads=8 units=(512, 512, 256) → 0.0090
hd=64 heads=8 units=(512, 512, 128) → 0.0094
hd=64 heads=8 units=(512, 512, 64) → 0.0098
hd=64 heads=8 units=(512, 512, 32) → 0.0100
hd=64 heads=8 units=(512, 512, 16) → 0.0099
hd=64 heads=8 units=(512, 256, 256) → 0.0092
hd=64 heads=8 units=(512, 256, 128) → 0.0102
hd=64 heads=8 units=(512, 256, 64) → 0.0099
hd=64 heads=8 units=(512, 256, 32) → 0.0100
hd=64 heads=8 units=(512, 256, 16) → 0.0102
hd=64 heads=8 units=(512, 128, 128) → 0.0097
hd=64 heads=8 units=(512, 128, 64) → 0.0102
hd=64 heads=8 units=(512, 128, 32) → 0.0102
hd=64 heads=8 units=(512, 128, 16) → 0.0104
hd=64 heads=8 units=(512, 64, 64) → 0.0105
hd=64 heads=8 units=(512, 64, 32) → 0.0107
hd=64 heads=8 units=(512, 64, 16) → 0.0114
hd=64 heads=8 units=(512, 32, 32) → 0.0109
hd=64 heads=8 units=(512, 32, 16) → 0.0119
hd=64 heads=8 units=(512, 16, 16) → 0.0116
hd=64 heads=8 units=(1024, 1024, 1024) → 0.0088
hd=64 heads=8 units=(1024, 1024, 512) → 0.0089
hd=64 heads=8 units=(1024, 1024, 256) → 0.0088
hd=64 heads=8 units=(1024, 1024, 128) → 0.0095
hd=64 heads=8 units=(1024, 1024, 64) → 0.0097
hd=64 heads=8 units=(1024, 1024, 32) → 0.0097
hd=64 heads=8 units=(1024, 1024, 16) → 0.0096
hd=64 heads=8 units=(1024, 512, 512) → 0.0095
hd=64 heads=8 units=(1024, 512, 256) → 0.0090
hd=64 heads=8 units=(1024, 512, 128) → 0.0099
hd=64 heads=8 units=(1024, 512, 64) → 0.0096
hd=64 heads=8 units=(1024, 512, 32) → 0.0100
hd=64 heads=8 units=(1024, 512, 16) → 0.0099
hd=64 heads=8 units=(1024, 256, 256) → 0.0095
hd=64 heads=8 units=(1024, 256, 128) → 0.0094
hd=64 heads=8 units=(1024, 256, 64) → 0.0101
hd=64 heads=8 units=(1024, 256, 32) → 0.0094
hd=64 heads=8 units=(1024, 256, 16) → 0.0101
hd=64 heads=8 units=(1024, 128, 128) → 0.0098
hd=64 heads=8 units=(1024, 128, 64) → 0.0108
hd=64 heads=8 units=(1024, 128, 32) → 0.0100
hd=64 heads=8 units=(1024, 128, 16) → 0.0107
hd=64 heads=8 units=(1024, 64, 64) → 0.0104
hd=64 heads=8 units=(1024, 64, 32) → 0.0104
hd=64 heads=8 units=(1024, 64, 16) → 0.0108
hd=64 heads=8 units=(1024, 32, 32) → 0.0111
hd=64 heads=8 units=(1024, 32, 16) → 0.0103
hd=64 heads=8 units=(1024, 16, 16) → 0.0116
